<?xml version="1.0" encoding="UTF-8"?>
<!-- Generated by org.testng.reporters.JUnitReportReporter -->
<testsuite hostname="DESKTOP-ISU1B19" failures="0" tests="4" name="tests.CommentsAPITest" time="12.274" errors="0" timestamp="2024-12-07T13:01:45 IST" skipped="0">
  <testcase classname="tests.CommentsAPITest" name="testGetCommentsByPostId" time="0.540"/>
  <system-out/>
  <testcase classname="tests.CommentsAPITest" name="testAddCommentToPost" time="10.116"/>
  <system-out/>
  <testcase classname="tests.CommentsAPITest" name="testDeleteComment" time="0.825"/>
  <system-out/>
  <testcase classname="tests.CommentsAPITest" name="testUpdateComment" time="0.793"/>
  <system-out/>
</testsuite> <!-- tests.CommentsAPITest -->
