<?xml version="1.0" encoding="UTF-8"?>
<!-- Generated by org.testng.reporters.JUnitReportReporter -->
<testsuite hostname="DESKTOP-ISU1B19" failures="0" tests="7" name="tests.UserTests" time="9.202" errors="0" timestamp="2024-12-06T21:08:09 IST" skipped="0">
  <testcase classname="tests.UserTests" name="createUserWithDataProvider" time="0.773"/>
  <system-out/>
  <testcase classname="tests.UserTests" name="getAllUsers" time="0.559"/>
  <system-out/>
  <testcase classname="tests.UserTests" name="deleteUser" time="1.163"/>
  <system-out/>
  <testcase classname="tests.UserTests" name="updateUser" time="0.781"/>
  <system-out/>
  <testcase classname="tests.UserTests" name="getUserById" time="0.607"/>
  <system-out/>
  <testcase classname="tests.UserTests" name="createUserWithDataProvider" time="0.789"/>
  <system-out/>
  <testcase classname="tests.UserTests" name="createUser" time="4.530"/>
  <system-out/>
</testsuite> <!-- tests.UserTests -->
