<?xml version="1.0" encoding="UTF-8"?>
<!-- Generated by org.testng.reporters.JUnitReportReporter -->
<testsuite hostname="DESKTOP-ISU1B19" failures="0" tests="5" name="tests.UserPostTest" time="8.429" errors="0" timestamp="2024-12-06T21:02:49 IST" skipped="0">
  <testcase classname="tests.UserPostTest" name="testGetAllPosts" time="0.604"/>
  <system-out/>
  <testcase classname="tests.UserPostTest" name="testUpdatePost" time="0.761"/>
  <system-out/>
  <testcase classname="tests.UserPostTest" name="testGetPostById" time="2.814"/>
  <system-out/>
  <testcase classname="tests.UserPostTest" name="testCreatePost" time="3.631"/>
  <system-out/>
  <testcase classname="tests.UserPostTest" name="testDeletePost" time="0.619"/>
  <system-out/>
</testsuite> <!-- tests.UserPostTest -->
